<?xml version="1.0" encoding="UTF-8"?>
<testsuite name="ExampleCircuitsTest" tests="3" skipped="0" failures="0" errors="0" timestamp="2021-04-28T20:11:26" hostname="DESKTOP-ND2UF5B" time="0.012">
  <properties/>
  <testcase name="RSLatch()" classname="ExampleCircuitsTest" time="0.003"/>
  <testcase name="sizeMismatchTest()" classname="ExampleCircuitsTest" time="0.008"/>
  <testcase name="DLatch()" classname="ExampleCircuitsTest" time="0.001"/>
  <system-out><![CDATA[]]></system-out>
  <system-err><![CDATA[]]></system-err>
</testsuite>
