<?xml version="1.0" encoding="UTF-8"?>
<testsuite name="main.utils.DataConverterTest" tests="19" skipped="0" failures="0" errors="0" timestamp="2021-04-28T20:11:27" hostname="DESKTOP-ND2UF5B" time="0.028">
  <properties/>
  <testcase name="convertBitsToBoolTest()" classname="main.utils.DataConverterTest" time="0.0"/>
  <testcase name="convertSignedDecToBool1()" classname="main.utils.DataConverterTest" time="0.001"/>
  <testcase name="convertSignedDecToBool2()" classname="main.utils.DataConverterTest" time="0.001"/>
  <testcase name="convertSignedDecToBool3()" classname="main.utils.DataConverterTest" time="0.001"/>
  <testcase name="convertSignedDecToBool4()" classname="main.utils.DataConverterTest" time="0.001"/>
  <testcase name="convertSignedDecToBool5()" classname="main.utils.DataConverterTest" time="0.0"/>
  <testcase name="convertSignedDecToBool6()" classname="main.utils.DataConverterTest" time="0.0"/>
  <testcase name="convertDecToBinTestZero()" classname="main.utils.DataConverterTest" time="0.001"/>
  <testcase name="convertBoolToBitsTest()" classname="main.utils.DataConverterTest" time="0.001"/>
  <testcase name="convertDecToBinTest()" classname="main.utils.DataConverterTest" time="0.001"/>
  <testcase name="convertBinToDecTest()" classname="main.utils.DataConverterTest" time="0.001"/>
  <testcase name="convertBinToSignedDec1()" classname="main.utils.DataConverterTest" time="0.0"/>
  <testcase name="convertBinToSignedDec2()" classname="main.utils.DataConverterTest" time="0.0"/>
  <testcase name="convertBinToSignedDec3()" classname="main.utils.DataConverterTest" time="0.0"/>
  <testcase name="convertSignedDecToBin1()" classname="main.utils.DataConverterTest" time="0.0"/>
  <testcase name="convertSignedDecToBin2()" classname="main.utils.DataConverterTest" time="0.0"/>
  <testcase name="convertSignedDecToBin3()" classname="main.utils.DataConverterTest" time="0.002"/>
  <testcase name="convertBoolToSignedDec1()" classname="main.utils.DataConverterTest" time="0.001"/>
  <testcase name="convertBoolToSignedDec2()" classname="main.utils.DataConverterTest" time="0.001"/>
  <system-out><![CDATA[]]></system-out>
  <system-err><![CDATA[]]></system-err>
</testsuite>
