<?xml version="1.0" encoding="UTF-8"?>
<testsuite name="main.circuits.RegisterFileTest" tests="6" skipped="0" failures="0" errors="0" timestamp="2021-04-28T20:11:27" hostname="DESKTOP-ND2UF5B" time="0.008">
  <properties/>
  <testcase name="testReg0()" classname="main.circuits.RegisterFileTest" time="0.001"/>
  <testcase name="testReg1()" classname="main.circuits.RegisterFileTest" time="0.001"/>
  <testcase name="testReg2()" classname="main.circuits.RegisterFileTest" time="0.001"/>
  <testcase name="testReg5()" classname="main.circuits.RegisterFileTest" time="0.001"/>
  <testcase name="testReg7()" classname="main.circuits.RegisterFileTest" time="0.001"/>
  <testcase name="testRegisterSwitching()" classname="main.circuits.RegisterFileTest" time="0.001"/>
  <system-out><![CDATA[]]></system-out>
  <system-err><![CDATA[]]></system-err>
</testsuite>
