<?xml version="1.0" encoding="UTF-8"?>
<testsuite name="ALURFTest" tests="2" skipped="0" failures="0" errors="0" timestamp="2021-04-28T20:11:26" hostname="DESKTOP-ND2UF5B" time="0.017">
  <properties/>
  <testcase name="testFibonacci()" classname="ALURFTest" time="0.015"/>
  <testcase name="testSubtractingRegisters()" classname="ALURFTest" time="0.001"/>
  <system-out><![CDATA[]]></system-out>
  <system-err><![CDATA[]]></system-err>
</testsuite>
