<?xml version="1.0" encoding="UTF-8"?>
<testsuite name="main.gates.TriStateTest" tests="1" skipped="0" failures="0" errors="0" timestamp="2021-04-28T20:11:27" hostname="DESKTOP-ND2UF5B" time="0.001">
  <properties/>
  <testcase name="test1()" classname="main.gates.TriStateTest" time="0.001"/>
  <system-out><![CDATA[]]></system-out>
  <system-err><![CDATA[]]></system-err>
</testsuite>
