<?xml version="1.0" encoding="UTF-8"?>
<testsuite name="main.circuits.MicroprocessorTest" tests="6" skipped="0" failures="0" errors="0" timestamp="2021-04-28T20:11:27" hostname="DESKTOP-ND2UF5B" time="0.065">
  <properties/>
  <testcase name="testBothInstructions()" classname="main.circuits.MicroprocessorTest" time="0.011"/>
  <testcase name="testNoOperation()" classname="main.circuits.MicroprocessorTest" time="0.01"/>
  <testcase name="testReset()" classname="main.circuits.MicroprocessorTest" time="0.01"/>
  <testcase name="testIntermediate()" classname="main.circuits.MicroprocessorTest" time="0.01"/>
  <testcase name="testRegisterAddition()" classname="main.circuits.MicroprocessorTest" time="0.012"/>
  <testcase name="testProgressingRegisterAddition()" classname="main.circuits.MicroprocessorTest" time="0.011"/>
  <system-out><![CDATA[]]></system-out>
  <system-err><![CDATA[]]></system-err>
</testsuite>
