<?xml version="1.0" encoding="UTF-8"?>
<testsuite name="TFlipFlopCounterTest" tests="2" skipped="0" failures="0" errors="0" timestamp="2021-04-28T20:11:27" hostname="DESKTOP-ND2UF5B" time="0.003">
  <properties/>
  <testcase name="test3Bit()" classname="TFlipFlopCounterTest" time="0.001"/>
  <testcase name="test5Bit()" classname="TFlipFlopCounterTest" time="0.002"/>
  <system-out><![CDATA[]]></system-out>
  <system-err><![CDATA[]]></system-err>
</testsuite>
